{"E:\\2023-2024-Autumn\\FULLSTACK\\fullstack-project\\part5\\bloglist-frontend\\src\\App.jsx": {"path":"E:\\2023-2024-Autumn\\FULLSTACK\\fullstack-project\\part5\\bloglist-frontend\\src\\App.jsx","statementMap":{"0":{"start":{"line":10,"column":12},"end":{"line":102,"column":1}},"1":{"start":{"line":12,"column":34},"end":{"line":12,"column":46}},"2":{"start":{"line":13,"column":34},"end":{"line":13,"column":46}},"3":{"start":{"line":14,"column":42},"end":{"line":14,"column":56}},"4":{"start":{"line":15,"column":50},"end":{"line":15,"column":64}},"5":{"start":{"line":17,"column":26},"end":{"line":17,"column":40}},"6":{"start":{"line":21,"column":2},"end":{"line":28,"column":8}},"7":{"start":{"line":22,"column":27},"end":{"line":22,"column":75}},"8":{"start":{"line":23,"column":4},"end":{"line":27,"column":5}},"9":{"start":{"line":24,"column":19},"end":{"line":24,"column":45}},"10":{"start":{"line":25,"column":6},"end":{"line":25,"column":19}},"11":{"start":{"line":26,"column":6},"end":{"line":26,"column":38}},"12":{"start":{"line":29,"column":22},"end":{"line":56,"column":3}},"13":{"start":{"line":30,"column":4},"end":{"line":30,"column":26}},"14":{"start":{"line":32,"column":4},"end":{"line":55,"column":5}},"15":{"start":{"line":33,"column":19},"end":{"line":35,"column":8}},"16":{"start":{"line":36,"column":6},"end":{"line":36,"column":38}},"17":{"start":{"line":38,"column":6},"end":{"line":40,"column":7}},"18":{"start":{"line":41,"column":6},"end":{"line":41,"column":19}},"19":{"start":{"line":42,"column":6},"end":{"line":42,"column":21}},"20":{"start":{"line":43,"column":6},"end":{"line":43,"column":21}},"21":{"start":{"line":44,"column":6},"end":{"line":44,"column":41}},"22":{"start":{"line":45,"column":6},"end":{"line":45,"column":33}},"23":{"start":{"line":46,"column":6},"end":{"line":48,"column":14}},"24":{"start":{"line":47,"column":8},"end":{"line":47,"column":30}},"25":{"start":{"line":47,"column":31},"end":{"line":47,"column":56}},"26":{"start":{"line":50,"column":6},"end":{"line":50,"column":42}},"27":{"start":{"line":51,"column":6},"end":{"line":51,"column":34}},"28":{"start":{"line":52,"column":6},"end":{"line":54,"column":14}},"29":{"start":{"line":53,"column":8},"end":{"line":53,"column":30}},"30":{"start":{"line":53,"column":31},"end":{"line":53,"column":56}},"31":{"start":{"line":58,"column":23},"end":{"line":60,"column":3}},"32":{"start":{"line":59,"column":4},"end":{"line":59,"column":55}},"33":{"start":{"line":64,"column":24},"end":{"line":86,"column":3}},"34":{"start":{"line":67,"column":35},"end":{"line":67,"column":43}},"35":{"start":{"line":68,"column":4},"end":{"line":68,"column":27}},"36":{"start":{"line":69,"column":4},"end":{"line":85,"column":5}},"37":{"start":{"line":70,"column":21},"end":{"line":72,"column":7}},"38":{"start":{"line":73,"column":6},"end":{"line":73,"column":70}},"39":{"start":{"line":74,"column":6},"end":{"line":74,"column":33}},"40":{"start":{"line":75,"column":6},"end":{"line":77,"column":14}},"41":{"start":{"line":76,"column":8},"end":{"line":76,"column":30}},"42":{"start":{"line":76,"column":31},"end":{"line":76,"column":56}},"43":{"start":{"line":80,"column":6},"end":{"line":80,"column":50}},"44":{"start":{"line":81,"column":6},"end":{"line":81,"column":34}},"45":{"start":{"line":82,"column":6},"end":{"line":84,"column":14}},"46":{"start":{"line":83,"column":8},"end":{"line":83,"column":30}},"47":{"start":{"line":83,"column":31},"end":{"line":83,"column":56}},"48":{"start":{"line":91,"column":2},"end":{"line":101,"column":3}}},"fnMap":{"0":{"name":"(anonymous_0)","decl":{"start":{"line":10,"column":12},"end":{"line":10,"column":13}},"loc":{"start":{"line":10,"column":18},"end":{"line":102,"column":1}},"line":10},"1":{"name":"(anonymous_1)","decl":{"start":{"line":21,"column":12},"end":{"line":21,"column":13}},"loc":{"start":{"line":21,"column":18},"end":{"line":28,"column":3}},"line":21},"2":{"name":"(anonymous_2)","decl":{"start":{"line":29,"column":22},"end":{"line":29,"column":23}},"loc":{"start":{"line":29,"column":39},"end":{"line":56,"column":3}},"line":29},"3":{"name":"(anonymous_3)","decl":{"start":{"line":46,"column":17},"end":{"line":46,"column":18}},"loc":{"start":{"line":46,"column":23},"end":{"line":48,"column":7}},"line":46},"4":{"name":"(anonymous_4)","decl":{"start":{"line":52,"column":17},"end":{"line":52,"column":18}},"loc":{"start":{"line":52,"column":23},"end":{"line":54,"column":7}},"line":52},"5":{"name":"(anonymous_5)","decl":{"start":{"line":58,"column":23},"end":{"line":58,"column":24}},"loc":{"start":{"line":58,"column":29},"end":{"line":60,"column":3}},"line":58},"6":{"name":"(anonymous_6)","decl":{"start":{"line":64,"column":24},"end":{"line":64,"column":25}},"loc":{"start":{"line":64,"column":44},"end":{"line":86,"column":3}},"line":64},"7":{"name":"(anonymous_7)","decl":{"start":{"line":75,"column":17},"end":{"line":75,"column":18}},"loc":{"start":{"line":75,"column":23},"end":{"line":77,"column":7}},"line":75},"8":{"name":"(anonymous_8)","decl":{"start":{"line":82,"column":17},"end":{"line":82,"column":18}},"loc":{"start":{"line":82,"column":23},"end":{"line":84,"column":7}},"line":82}},"branchMap":{"0":{"loc":{"start":{"line":23,"column":4},"end":{"line":27,"column":5}},"type":"if","locations":[{"start":{"line":23,"column":4},"end":{"line":27,"column":5}},{"start":{},"end":{}}],"line":23},"1":{"loc":{"start":{"line":95,"column":7},"end":{"line":95,"column":155}},"type":"binary-expr","locations":[{"start":{"line":95,"column":7},"end":{"line":95,"column":20}},{"start":{"line":95,"column":24},"end":{"line":95,"column":155}}],"line":95},"2":{"loc":{"start":{"line":96,"column":7},"end":{"line":96,"column":78}},"type":"binary-expr","locations":[{"start":{"line":96,"column":7},"end":{"line":96,"column":20}},{"start":{"line":96,"column":24},"end":{"line":96,"column":78}}],"line":96},"3":{"loc":{"start":{"line":97,"column":7},"end":{"line":98,"column":62}},"type":"binary-expr","locations":[{"start":{"line":97,"column":7},"end":{"line":97,"column":20}},{"start":{"line":98,"column":8},"end":{"line":98,"column":62}}],"line":97}},"s":{"0":0,"1":0,"2":0,"3":0,"4":0,"5":0,"6":0,"7":0,"8":0,"9":0,"10":0,"11":0,"12":0,"13":0,"14":0,"15":0,"16":0,"17":0,"18":0,"19":0,"20":0,"21":0,"22":0,"23":0,"24":0,"25":0,"26":0,"27":0,"28":0,"29":0,"30":0,"31":0,"32":0,"33":0,"34":0,"35":0,"36":0,"37":0,"38":0,"39":0,"40":0,"41":0,"42":0,"43":0,"44":0,"45":0,"46":0,"47":0,"48":0},"f":{"0":0,"1":0,"2":0,"3":0,"4":0,"5":0,"6":0,"7":0,"8":0},"b":{"0":[0,0],"1":[0,0],"2":[0,0],"3":[0,0]}}
,"E:\\2023-2024-Autumn\\FULLSTACK\\fullstack-project\\part5\\bloglist-frontend\\src\\main.jsx": {"path":"E:\\2023-2024-Autumn\\FULLSTACK\\fullstack-project\\part5\\bloglist-frontend\\src\\main.jsx","statementMap":{"0":{"start":{"line":4,"column":0},"end":{"line":4,"column":68}}},"fnMap":{},"branchMap":{},"s":{"0":0},"f":{},"b":{}}
,"E:\\2023-2024-Autumn\\FULLSTACK\\fullstack-project\\part5\\bloglist-frontend\\src\\components\\Blog.jsx": {"path":"E:\\2023-2024-Autumn\\FULLSTACK\\fullstack-project\\part5\\bloglist-frontend\\src\\components\\Blog.jsx","statementMap":{"0":{"start":{"line":6,"column":13},"end":{"line":74,"column":1}},"1":{"start":{"line":7,"column":20},"end":{"line":13,"column":3}},"2":{"start":{"line":16,"column":44},"end":{"line":16,"column":59}},"3":{"start":{"line":17,"column":26},"end":{"line":17,"column":66}},"4":{"start":{"line":18,"column":26},"end":{"line":18,"column":66}},"5":{"start":{"line":21,"column":18},"end":{"line":34,"column":3}},"6":{"start":{"line":22,"column":24},"end":{"line":22,"column":58}},"7":{"start":{"line":23,"column":4},"end":{"line":26,"column":5}},"8":{"start":{"line":24,"column":6},"end":{"line":24,"column":48}},"9":{"start":{"line":25,"column":6},"end":{"line":25,"column":32}},"10":{"start":{"line":27,"column":4},"end":{"line":33,"column":5}},"11":{"start":{"line":28,"column":28},"end":{"line":28,"column":74}},"12":{"start":{"line":29,"column":6},"end":{"line":29,"column":19}},"13":{"start":{"line":31,"column":6},"end":{"line":31,"column":24}},"14":{"start":{"line":32,"column":6},"end":{"line":32,"column":17}},"15":{"start":{"line":38,"column":23},"end":{"line":48,"column":3}},"16":{"start":{"line":39,"column":4},"end":{"line":47,"column":5}},"17":{"start":{"line":40,"column":6},"end":{"line":46,"column":7}},"18":{"start":{"line":41,"column":8},"end":{"line":41,"column":41}},"19":{"start":{"line":43,"column":8},"end":{"line":43,"column":21}},"20":{"start":{"line":45,"column":8},"end":{"line":45,"column":52}},"21":{"start":{"line":50,"column":2},"end":{"line":73,"column":3}},"22":{"start":{"line":59,"column":33},"end":{"line":59,"column":55}},"23":{"start":{"line":64,"column":82},"end":{"line":64,"column":91}},"24":{"start":{"line":66,"column":37},"end":{"line":66,"column":60}},"25":{"start":{"line":78,"column":17},"end":{"line":157,"column":1}},"26":{"start":{"line":79,"column":28},"end":{"line":79,"column":40}},"27":{"start":{"line":81,"column":28},"end":{"line":81,"column":40}},"28":{"start":{"line":82,"column":30},"end":{"line":82,"column":42}},"29":{"start":{"line":83,"column":24},"end":{"line":83,"column":36}},"30":{"start":{"line":84,"column":22},"end":{"line":84,"column":30}},"31":{"start":{"line":87,"column":22},"end":{"line":90,"column":3}},"32":{"start":{"line":88,"column":25},"end":{"line":88,"column":51}},"33":{"start":{"line":89,"column":4},"end":{"line":89,"column":26}},"34":{"start":{"line":92,"column":2},"end":{"line":96,"column":8}},"35":{"start":{"line":93,"column":4},"end":{"line":95,"column":5}},"36":{"start":{"line":94,"column":6},"end":{"line":94,"column":21}},"37":{"start":{"line":98,"column":23},"end":{"line":107,"column":3}},"38":{"start":{"line":99,"column":4},"end":{"line":99,"column":26}},"39":{"start":{"line":100,"column":4},"end":{"line":100,"column":42}},"40":{"start":{"line":101,"column":4},"end":{"line":101,"column":47}},"41":{"start":{"line":102,"column":4},"end":{"line":102,"column":17}},"42":{"start":{"line":104,"column":4},"end":{"line":104,"column":16}},"43":{"start":{"line":105,"column":4},"end":{"line":105,"column":17}},"44":{"start":{"line":106,"column":4},"end":{"line":106,"column":14}},"45":{"start":{"line":110,"column":2},"end":{"line":156,"column":12}},"46":{"start":{"line":122,"column":40},"end":{"line":122,"column":62}},"47":{"start":{"line":132,"column":40},"end":{"line":132,"column":63}},"48":{"start":{"line":142,"column":40},"end":{"line":142,"column":60}},"49":{"start":{"line":151,"column":26},"end":{"line":151,"column":43}},"50":{"start":{"line":153,"column":12},"end":{"line":153,"column":84}}},"fnMap":{"0":{"name":"(anonymous_0)","decl":{"start":{"line":6,"column":13},"end":{"line":6,"column":14}},"loc":{"start":{"line":6,"column":46},"end":{"line":74,"column":1}},"line":6},"1":{"name":"(anonymous_1)","decl":{"start":{"line":21,"column":18},"end":{"line":21,"column":19}},"loc":{"start":{"line":21,"column":30},"end":{"line":34,"column":3}},"line":21},"2":{"name":"(anonymous_2)","decl":{"start":{"line":38,"column":23},"end":{"line":38,"column":24}},"loc":{"start":{"line":38,"column":35},"end":{"line":48,"column":3}},"line":38},"3":{"name":"(anonymous_3)","decl":{"start":{"line":59,"column":27},"end":{"line":59,"column":28}},"loc":{"start":{"line":59,"column":33},"end":{"line":59,"column":55}},"line":59},"4":{"name":"(anonymous_4)","decl":{"start":{"line":64,"column":76},"end":{"line":64,"column":77}},"loc":{"start":{"line":64,"column":82},"end":{"line":64,"column":91}},"line":64},"5":{"name":"(anonymous_5)","decl":{"start":{"line":66,"column":31},"end":{"line":66,"column":32}},"loc":{"start":{"line":66,"column":37},"end":{"line":66,"column":60}},"line":66},"6":{"name":"(anonymous_6)","decl":{"start":{"line":78,"column":17},"end":{"line":78,"column":18}},"loc":{"start":{"line":78,"column":46},"end":{"line":157,"column":1}},"line":78},"7":{"name":"(anonymous_7)","decl":{"start":{"line":87,"column":22},"end":{"line":87,"column":23}},"loc":{"start":{"line":87,"column":34},"end":{"line":90,"column":3}},"line":87},"8":{"name":"(anonymous_8)","decl":{"start":{"line":92,"column":12},"end":{"line":92,"column":13}},"loc":{"start":{"line":92,"column":18},"end":{"line":96,"column":3}},"line":92},"9":{"name":"(anonymous_9)","decl":{"start":{"line":93,"column":30},"end":{"line":93,"column":31}},"loc":{"start":{"line":94,"column":6},"end":{"line":94,"column":21}},"line":94},"10":{"name":"(anonymous_10)","decl":{"start":{"line":98,"column":23},"end":{"line":98,"column":24}},"loc":{"start":{"line":98,"column":40},"end":{"line":107,"column":3}},"line":98},"11":{"name":"(anonymous_11)","decl":{"start":{"line":122,"column":24},"end":{"line":122,"column":25}},"loc":{"start":{"line":122,"column":40},"end":{"line":122,"column":62}},"line":122},"12":{"name":"(anonymous_12)","decl":{"start":{"line":132,"column":24},"end":{"line":132,"column":25}},"loc":{"start":{"line":132,"column":40},"end":{"line":132,"column":63}},"line":132},"13":{"name":"(anonymous_13)","decl":{"start":{"line":142,"column":24},"end":{"line":142,"column":25}},"loc":{"start":{"line":142,"column":40},"end":{"line":142,"column":60}},"line":142},"14":{"name":"(anonymous_14)","decl":{"start":{"line":151,"column":16},"end":{"line":151,"column":17}},"loc":{"start":{"line":151,"column":26},"end":{"line":151,"column":43}},"line":151},"15":{"name":"(anonymous_15)","decl":{"start":{"line":152,"column":15},"end":{"line":152,"column":16}},"loc":{"start":{"line":153,"column":12},"end":{"line":153,"column":84}},"line":153}},"branchMap":{"0":{"loc":{"start":{"line":17,"column":37},"end":{"line":17,"column":64}},"type":"cond-expr","locations":[{"start":{"line":17,"column":53},"end":{"line":17,"column":59}},{"start":{"line":17,"column":62},"end":{"line":17,"column":64}}],"line":17},"1":{"loc":{"start":{"line":18,"column":37},"end":{"line":18,"column":64}},"type":"cond-expr","locations":[{"start":{"line":18,"column":53},"end":{"line":18,"column":55}},{"start":{"line":18,"column":58},"end":{"line":18,"column":64}}],"line":18},"2":{"loc":{"start":{"line":23,"column":4},"end":{"line":26,"column":5}},"type":"if","locations":[{"start":{"line":23,"column":4},"end":{"line":26,"column":5}},{"start":{},"end":{}}],"line":23},"3":{"loc":{"start":{"line":23,"column":8},"end":{"line":23,"column":47}},"type":"binary-expr","locations":[{"start":{"line":23,"column":8},"end":{"line":23,"column":24}},{"start":{"line":23,"column":28},"end":{"line":23,"column":47}}],"line":23},"4":{"loc":{"start":{"line":39,"column":4},"end":{"line":47,"column":5}},"type":"if","locations":[{"start":{"line":39,"column":4},"end":{"line":47,"column":5}},{"start":{},"end":{}}],"line":39},"5":{"loc":{"start":{"line":67,"column":11},"end":{"line":69,"column":11}},"type":"binary-expr","locations":[{"start":{"line":67,"column":11},"end":{"line":67,"column":15}},{"start":{"line":67,"column":19},"end":{"line":67,"column":28}},{"start":{"line":67,"column":32},"end":{"line":67,"column":56}},{"start":{"line":68,"column":12},"end":{"line":68,"column":67}}],"line":67}},"s":{"0":1,"1":81,"2":81,"3":81,"4":81,"5":81,"6":2,"7":2,"8":1,"9":1,"10":2,"11":2,"12":2,"13":0,"14":0,"15":81,"16":0,"17":0,"18":0,"19":0,"20":0,"21":81,"22":2,"23":2,"24":0,"25":1,"26":39,"27":39,"28":39,"29":39,"30":39,"31":39,"32":1,"33":1,"34":39,"35":1,"36":1,"37":39,"38":1,"39":1,"40":1,"41":1,"42":1,"43":1,"44":1,"45":39,"46":10,"47":11,"48":15,"49":38,"50":76},"f":{"0":81,"1":2,"2":0,"3":2,"4":2,"5":0,"6":39,"7":1,"8":1,"9":1,"10":1,"11":10,"12":11,"13":15,"14":38,"15":76},"b":{"0":[2,79],"1":[2,79],"2":[1,1],"3":[2,2],"4":[0,0],"5":[81,81,81,81]},"_coverageSchema":"1a1c01bbd47fc00a2c39e90264f33305004495a9","hash":"de8f727151404ef0348078b86ef51a5dac470116"}
,"E:\\2023-2024-Autumn\\FULLSTACK\\fullstack-project\\part5\\bloglist-frontend\\src\\components\\Login.jsx": {"path":"E:\\2023-2024-Autumn\\FULLSTACK\\fullstack-project\\part5\\bloglist-frontend\\src\\components\\Login.jsx","statementMap":{"0":{"start":{"line":5,"column":18},"end":{"line":27,"column":1}},"1":{"start":{"line":6,"column":2},"end":{"line":26,"column":9}},"2":{"start":{"line":13,"column":34},"end":{"line":13,"column":59}},"3":{"start":{"line":22,"column":34},"end":{"line":22,"column":59}},"4":{"start":{"line":29,"column":0},"end":{"line":33,"column":1}}},"fnMap":{"0":{"name":"(anonymous_0)","decl":{"start":{"line":5,"column":18},"end":{"line":5,"column":19}},"loc":{"start":{"line":6,"column":2},"end":{"line":26,"column":9}},"line":6},"1":{"name":"(anonymous_1)","decl":{"start":{"line":13,"column":18},"end":{"line":13,"column":19}},"loc":{"start":{"line":13,"column":34},"end":{"line":13,"column":59}},"line":13},"2":{"name":"(anonymous_2)","decl":{"start":{"line":22,"column":18},"end":{"line":22,"column":19}},"loc":{"start":{"line":22,"column":34},"end":{"line":22,"column":59}},"line":22}},"branchMap":{},"s":{"0":0,"1":0,"2":0,"3":0,"4":0},"f":{"0":0,"1":0,"2":0},"b":{}}
,"E:\\2023-2024-Autumn\\FULLSTACK\\fullstack-project\\part5\\bloglist-frontend\\src\\components\\Logout.jsx": {"path":"E:\\2023-2024-Autumn\\FULLSTACK\\fullstack-project\\part5\\bloglist-frontend\\src\\components\\Logout.jsx","statementMap":{"0":{"start":{"line":1,"column":19},"end":{"line":9,"column":1}},"1":{"start":{"line":2,"column":2},"end":{"line":8,"column":8}}},"fnMap":{"0":{"name":"(anonymous_0)","decl":{"start":{"line":1,"column":19},"end":{"line":1,"column":20}},"loc":{"start":{"line":2,"column":2},"end":{"line":8,"column":8}},"line":2}},"branchMap":{},"s":{"0":0,"1":0},"f":{"0":0},"b":{}}
,"E:\\2023-2024-Autumn\\FULLSTACK\\fullstack-project\\part5\\bloglist-frontend\\src\\components\\Notification.jsx": {"path":"E:\\2023-2024-Autumn\\FULLSTACK\\fullstack-project\\part5\\bloglist-frontend\\src\\components\\Notification.jsx","statementMap":{"0":{"start":{"line":2,"column":21},"end":{"line":22,"column":1}},"1":{"start":{"line":3,"column":2},"end":{"line":5,"column":3}},"2":{"start":{"line":4,"column":4},"end":{"line":4,"column":15}},"3":{"start":{"line":7,"column":28},"end":{"line":15,"column":3}},"4":{"start":{"line":17,"column":2},"end":{"line":21,"column":3}}},"fnMap":{"0":{"name":"(anonymous_0)","decl":{"start":{"line":2,"column":21},"end":{"line":2,"column":22}},"loc":{"start":{"line":2,"column":44},"end":{"line":22,"column":1}},"line":2}},"branchMap":{"0":{"loc":{"start":{"line":3,"column":2},"end":{"line":5,"column":3}},"type":"if","locations":[{"start":{"line":3,"column":2},"end":{"line":5,"column":3}},{"start":{},"end":{}}],"line":3},"1":{"loc":{"start":{"line":8,"column":11},"end":{"line":8,"column":45}},"type":"cond-expr","locations":[{"start":{"line":8,"column":30},"end":{"line":8,"column":35}},{"start":{"line":8,"column":38},"end":{"line":8,"column":45}}],"line":8}},"s":{"0":0,"1":0,"2":0,"3":0,"4":0},"f":{"0":0},"b":{"0":[0,0],"1":[0,0]}}
,"E:\\2023-2024-Autumn\\FULLSTACK\\fullstack-project\\part5\\bloglist-frontend\\src\\components\\Togglable.jsx": {"path":"E:\\2023-2024-Autumn\\FULLSTACK\\fullstack-project\\part5\\bloglist-frontend\\src\\components\\Togglable.jsx","statementMap":{"0":{"start":{"line":5,"column":18},"end":{"line":32,"column":2}},"1":{"start":{"line":6,"column":32},"end":{"line":6,"column":47}},"2":{"start":{"line":8,"column":26},"end":{"line":8,"column":60}},"3":{"start":{"line":9,"column":26},"end":{"line":9,"column":60}},"4":{"start":{"line":11,"column":27},"end":{"line":14,"column":3}},"5":{"start":{"line":12,"column":4},"end":{"line":12,"column":24}},"6":{"start":{"line":16,"column":2},"end":{"line":20,"column":4}},"7":{"start":{"line":17,"column":4},"end":{"line":19,"column":5}},"8":{"start":{"line":21,"column":2},"end":{"line":31,"column":3}},"9":{"start":{"line":34,"column":0},"end":{"line":36,"column":1}},"10":{"start":{"line":38,"column":0},"end":{"line":38,"column":35}}},"fnMap":{"0":{"name":"(anonymous_0)","decl":{"start":{"line":5,"column":29},"end":{"line":5,"column":30}},"loc":{"start":{"line":5,"column":46},"end":{"line":32,"column":1}},"line":5},"1":{"name":"(anonymous_1)","decl":{"start":{"line":11,"column":27},"end":{"line":11,"column":28}},"loc":{"start":{"line":11,"column":33},"end":{"line":14,"column":3}},"line":11},"2":{"name":"(anonymous_2)","decl":{"start":{"line":16,"column":28},"end":{"line":16,"column":29}},"loc":{"start":{"line":16,"column":34},"end":{"line":20,"column":3}},"line":16}},"branchMap":{"0":{"loc":{"start":{"line":8,"column":37},"end":{"line":8,"column":58}},"type":"cond-expr","locations":[{"start":{"line":8,"column":47},"end":{"line":8,"column":53}},{"start":{"line":8,"column":56},"end":{"line":8,"column":58}}],"line":8},"1":{"loc":{"start":{"line":9,"column":37},"end":{"line":9,"column":58}},"type":"cond-expr","locations":[{"start":{"line":9,"column":47},"end":{"line":9,"column":49}},{"start":{"line":9,"column":52},"end":{"line":9,"column":58}}],"line":9}},"s":{"0":1,"1":41,"2":41,"3":41,"4":41,"5":2,"6":41,"7":41,"8":41,"9":1,"10":1},"f":{"0":41,"1":2,"2":41},"b":{"0":[37,4],"1":[37,4]},"_coverageSchema":"1a1c01bbd47fc00a2c39e90264f33305004495a9","hash":"87f16015166d13a350bd18cdb033673a3c17df8a"}
,"E:\\2023-2024-Autumn\\FULLSTACK\\fullstack-project\\part5\\bloglist-frontend\\src\\services\\blogs.js": {"path":"E:\\2023-2024-Autumn\\FULLSTACK\\fullstack-project\\part5\\bloglist-frontend\\src\\services\\blogs.js","statementMap":{"0":{"start":{"line":2,"column":16},"end":{"line":2,"column":28}},"1":{"start":{"line":4,"column":12},"end":{"line":4,"column":16}},"2":{"start":{"line":6,"column":17},"end":{"line":8,"column":1}},"3":{"start":{"line":7,"column":2},"end":{"line":7,"column":30}},"4":{"start":{"line":10,"column":15},"end":{"line":17,"column":1}},"5":{"start":{"line":11,"column":17},"end":{"line":13,"column":3}},"6":{"start":{"line":15,"column":19},"end":{"line":15,"column":63}},"7":{"start":{"line":16,"column":2},"end":{"line":16,"column":22}},"8":{"start":{"line":19,"column":15},"end":{"line":23,"column":1}},"9":{"start":{"line":21,"column":18},"end":{"line":21,"column":58}},"10":{"start":{"line":22,"column":2},"end":{"line":22,"column":48}},"11":{"start":{"line":22,"column":34},"end":{"line":22,"column":47}},"12":{"start":{"line":24,"column":15},"end":{"line":30,"column":1}},"13":{"start":{"line":25,"column":17},"end":{"line":27,"column":3}},"14":{"start":{"line":28,"column":18},"end":{"line":28,"column":58}},"15":{"start":{"line":29,"column":2},"end":{"line":29,"column":48}},"16":{"start":{"line":29,"column":34},"end":{"line":29,"column":47}},"17":{"start":{"line":32,"column":18},"end":{"line":40,"column":1}},"18":{"start":{"line":33,"column":16},"end":{"line":33,"column":30}},"19":{"start":{"line":36,"column":25},"end":{"line":36,"column":59}},"20":{"start":{"line":36,"column":43},"end":{"line":36,"column":58}},"21":{"start":{"line":39,"column":2},"end":{"line":39,"column":36}},"22":{"start":{"line":43,"column":15},"end":{"line":46,"column":1}},"23":{"start":{"line":44,"column":18},"end":{"line":44,"column":36}},"24":{"start":{"line":45,"column":2},"end":{"line":45,"column":48}},"25":{"start":{"line":45,"column":34},"end":{"line":45,"column":47}}},"fnMap":{"0":{"name":"(anonymous_0)","decl":{"start":{"line":6,"column":17},"end":{"line":6,"column":18}},"loc":{"start":{"line":6,"column":29},"end":{"line":8,"column":1}},"line":6},"1":{"name":"(anonymous_1)","decl":{"start":{"line":10,"column":15},"end":{"line":10,"column":16}},"loc":{"start":{"line":10,"column":34},"end":{"line":17,"column":1}},"line":10},"2":{"name":"(anonymous_2)","decl":{"start":{"line":19,"column":15},"end":{"line":19,"column":16}},"loc":{"start":{"line":19,"column":34},"end":{"line":23,"column":1}},"line":19},"3":{"name":"(anonymous_3)","decl":{"start":{"line":22,"column":22},"end":{"line":22,"column":23}},"loc":{"start":{"line":22,"column":34},"end":{"line":22,"column":47}},"line":22},"4":{"name":"(anonymous_4)","decl":{"start":{"line":24,"column":15},"end":{"line":24,"column":16}},"loc":{"start":{"line":24,"column":23},"end":{"line":30,"column":1}},"line":24},"5":{"name":"(anonymous_5)","decl":{"start":{"line":29,"column":22},"end":{"line":29,"column":23}},"loc":{"start":{"line":29,"column":34},"end":{"line":29,"column":47}},"line":29},"6":{"name":"(anonymous_6)","decl":{"start":{"line":32,"column":18},"end":{"line":32,"column":19}},"loc":{"start":{"line":32,"column":30},"end":{"line":40,"column":1}},"line":32},"7":{"name":"(anonymous_7)","decl":{"start":{"line":36,"column":35},"end":{"line":36,"column":36}},"loc":{"start":{"line":36,"column":43},"end":{"line":36,"column":58}},"line":36},"8":{"name":"(anonymous_8)","decl":{"start":{"line":43,"column":15},"end":{"line":43,"column":16}},"loc":{"start":{"line":43,"column":21},"end":{"line":46,"column":1}},"line":43},"9":{"name":"(anonymous_9)","decl":{"start":{"line":45,"column":22},"end":{"line":45,"column":23}},"loc":{"start":{"line":45,"column":34},"end":{"line":45,"column":47}},"line":45}},"branchMap":{},"s":{"0":1,"1":1,"2":1,"3":1,"4":1,"5":0,"6":0,"7":0,"8":1,"9":2,"10":2,"11":2,"12":1,"13":0,"14":0,"15":0,"16":0,"17":1,"18":0,"19":0,"20":0,"21":0,"22":1,"23":2,"24":2,"25":2},"f":{"0":1,"1":0,"2":2,"3":2,"4":0,"5":0,"6":0,"7":0,"8":2,"9":2},"b":{},"_coverageSchema":"1a1c01bbd47fc00a2c39e90264f33305004495a9","hash":"107d0e3fa03ccaa9ae78069875e8eac11437e289"}
,"E:\\2023-2024-Autumn\\FULLSTACK\\fullstack-project\\part5\\bloglist-frontend\\src\\services\\login.js": {"path":"E:\\2023-2024-Autumn\\FULLSTACK\\fullstack-project\\part5\\bloglist-frontend\\src\\services\\login.js","statementMap":{"0":{"start":{"line":2,"column":16},"end":{"line":2,"column":28}},"1":{"start":{"line":5,"column":4},"end":{"line":8,"column":5}},"2":{"start":{"line":6,"column":23},"end":{"line":6,"column":61}},"3":{"start":{"line":7,"column":6},"end":{"line":7,"column":26}}},"fnMap":{"0":{"name":"(anonymous_0)","decl":{"start":{"line":5,"column":4},"end":{"line":5,"column":5}},"loc":{"start":{"line":5,"column":25},"end":{"line":8,"column":5}},"line":5}},"branchMap":{},"s":{"0":1,"1":1,"2":0,"3":0},"f":{"0":0},"b":{},"_coverageSchema":"1a1c01bbd47fc00a2c39e90264f33305004495a9","hash":"d51f99c3a8d736b50fd5f25ff78826b7ebd9ed94"}
,"E:\\2023-2024-Autumn\\FULLSTACK\\fullstack-project\\part5\\bloglist-frontend\\src\\services\\user.jsx": {"path":"E:\\2023-2024-Autumn\\FULLSTACK\\fullstack-project\\part5\\bloglist-frontend\\src\\services\\user.jsx","statementMap":{},"fnMap":{},"branchMap":{},"s":{},"f":{},"b":{}}
}
