TN:
SF:src\App.jsx
FN:10,(anonymous_0)
FN:21,(anonymous_1)
FN:29,(anonymous_2)
FN:46,(anonymous_3)
FN:52,(anonymous_4)
FN:58,(anonymous_5)
FN:64,(anonymous_6)
FN:75,(anonymous_7)
FN:82,(anonymous_8)
FNF:9
FNH:0
FNDA:0,(anonymous_0)
FNDA:0,(anonymous_1)
FNDA:0,(anonymous_2)
FNDA:0,(anonymous_3)
FNDA:0,(anonymous_4)
FNDA:0,(anonymous_5)
FNDA:0,(anonymous_6)
FNDA:0,(anonymous_7)
FNDA:0,(anonymous_8)
DA:10,0
DA:12,0
DA:13,0
DA:14,0
DA:15,0
DA:17,0
DA:21,0
DA:22,0
DA:23,0
DA:24,0
DA:25,0
DA:26,0
DA:29,0
DA:30,0
DA:32,0
DA:33,0
DA:36,0
DA:38,0
DA:41,0
DA:42,0
DA:43,0
DA:44,0
DA:45,0
DA:46,0
DA:47,0
DA:50,0
DA:51,0
DA:52,0
DA:53,0
DA:58,0
DA:59,0
DA:64,0
DA:67,0
DA:68,0
DA:69,0
DA:70,0
DA:73,0
DA:74,0
DA:75,0
DA:76,0
DA:80,0
DA:81,0
DA:82,0
DA:83,0
DA:91,0
LF:45
LH:0
BRDA:23,0,0,0
BRDA:23,0,1,0
BRDA:95,1,0,0
BRDA:95,1,1,0
BRDA:96,2,0,0
BRDA:96,2,1,0
BRDA:97,3,0,0
BRDA:97,3,1,0
BRF:8
BRH:0
end_of_record
TN:
SF:src\main.jsx
FNF:0
FNH:0
DA:4,0
LF:1
LH:0
BRF:0
BRH:0
end_of_record
TN:
SF:src\components\Blog.jsx
FN:6,(anonymous_0)
FN:21,(anonymous_1)
FN:38,(anonymous_2)
FN:59,(anonymous_3)
FN:64,(anonymous_4)
FN:66,(anonymous_5)
FN:78,(anonymous_6)
FN:87,(anonymous_7)
FN:92,(anonymous_8)
FN:93,(anonymous_9)
FN:98,(anonymous_10)
FN:122,(anonymous_11)
FN:132,(anonymous_12)
FN:142,(anonymous_13)
FN:151,(anonymous_14)
FN:152,(anonymous_15)
FNF:16
FNH:14
FNDA:81,(anonymous_0)
FNDA:2,(anonymous_1)
FNDA:0,(anonymous_2)
FNDA:2,(anonymous_3)
FNDA:2,(anonymous_4)
FNDA:0,(anonymous_5)
FNDA:39,(anonymous_6)
FNDA:1,(anonymous_7)
FNDA:1,(anonymous_8)
FNDA:1,(anonymous_9)
FNDA:1,(anonymous_10)
FNDA:10,(anonymous_11)
FNDA:11,(anonymous_12)
FNDA:15,(anonymous_13)
FNDA:38,(anonymous_14)
FNDA:76,(anonymous_15)
DA:6,1
DA:7,81
DA:16,81
DA:17,81
DA:18,81
DA:21,81
DA:22,2
DA:23,2
DA:24,1
DA:25,1
DA:27,2
DA:28,2
DA:29,2
DA:31,0
DA:32,0
DA:38,81
DA:39,0
DA:40,0
DA:41,0
DA:43,0
DA:45,0
DA:50,81
DA:59,2
DA:64,2
DA:66,0
DA:78,1
DA:79,39
DA:81,39
DA:82,39
DA:83,39
DA:84,39
DA:87,39
DA:88,1
DA:89,1
DA:92,39
DA:93,1
DA:94,1
DA:98,39
DA:99,1
DA:100,1
DA:101,1
DA:102,1
DA:104,1
DA:105,1
DA:106,1
DA:110,39
DA:122,10
DA:132,11
DA:142,15
DA:151,38
DA:153,76
LF:51
LH:43
BRDA:17,0,0,2
BRDA:17,0,1,79
BRDA:18,1,0,2
BRDA:18,1,1,79
BRDA:23,2,0,1
BRDA:23,2,1,1
BRDA:23,3,0,2
BRDA:23,3,1,2
BRDA:39,4,0,0
BRDA:39,4,1,0
BRDA:67,5,0,81
BRDA:67,5,1,81
BRDA:67,5,2,81
BRDA:67,5,3,81
BRF:14
BRH:12
end_of_record
TN:
SF:src\components\Login.jsx
FN:5,(anonymous_0)
FN:13,(anonymous_1)
FN:22,(anonymous_2)
FNF:3
FNH:0
FNDA:0,(anonymous_0)
FNDA:0,(anonymous_1)
FNDA:0,(anonymous_2)
DA:5,0
DA:6,0
DA:13,0
DA:22,0
DA:29,0
LF:5
LH:0
BRF:0
BRH:0
end_of_record
TN:
SF:src\components\Logout.jsx
FN:1,(anonymous_0)
FNF:1
FNH:0
FNDA:0,(anonymous_0)
DA:1,0
DA:2,0
LF:2
LH:0
BRF:0
BRH:0
end_of_record
TN:
SF:src\components\Notification.jsx
FN:2,(anonymous_0)
FNF:1
FNH:0
FNDA:0,(anonymous_0)
DA:2,0
DA:3,0
DA:4,0
DA:7,0
DA:17,0
LF:5
LH:0
BRDA:3,0,0,0
BRDA:3,0,1,0
BRDA:8,1,0,0
BRDA:8,1,1,0
BRF:4
BRH:0
end_of_record
TN:
SF:src\components\Togglable.jsx
FN:5,(anonymous_0)
FN:11,(anonymous_1)
FN:16,(anonymous_2)
FNF:3
FNH:3
FNDA:41,(anonymous_0)
FNDA:2,(anonymous_1)
FNDA:41,(anonymous_2)
DA:5,1
DA:6,41
DA:8,41
DA:9,41
DA:11,41
DA:12,2
DA:16,41
DA:17,41
DA:21,41
DA:34,1
DA:38,1
LF:11
LH:11
BRDA:8,0,0,37
BRDA:8,0,1,4
BRDA:9,1,0,37
BRDA:9,1,1,4
BRF:4
BRH:4
end_of_record
TN:
SF:src\services\blogs.js
FN:6,(anonymous_0)
FN:10,(anonymous_1)
FN:19,(anonymous_2)
FN:22,(anonymous_3)
FN:24,(anonymous_4)
FN:29,(anonymous_5)
FN:32,(anonymous_6)
FN:36,(anonymous_7)
FN:43,(anonymous_8)
FN:45,(anonymous_9)
FNF:10
FNH:5
FNDA:1,(anonymous_0)
FNDA:0,(anonymous_1)
FNDA:2,(anonymous_2)
FNDA:2,(anonymous_3)
FNDA:0,(anonymous_4)
FNDA:0,(anonymous_5)
FNDA:0,(anonymous_6)
FNDA:0,(anonymous_7)
FNDA:2,(anonymous_8)
FNDA:2,(anonymous_9)
DA:2,1
DA:4,1
DA:6,1
DA:7,1
DA:10,1
DA:11,0
DA:15,0
DA:16,0
DA:19,1
DA:21,2
DA:22,2
DA:24,1
DA:25,0
DA:28,0
DA:29,0
DA:32,1
DA:33,0
DA:36,0
DA:39,0
DA:43,1
DA:44,2
DA:45,2
LF:22
LH:13
BRF:0
BRH:0
end_of_record
TN:
SF:src\services\login.js
FN:5,(anonymous_0)
FNF:1
FNH:0
FNDA:0,(anonymous_0)
DA:2,1
DA:5,1
DA:6,0
DA:7,0
LF:4
LH:2
BRF:0
BRH:0
end_of_record
TN:
SF:src\services\user.jsx
FNF:0
FNH:0
LF:0
LH:0
BRF:0
BRH:0
end_of_record
